

Started GET "/" for ::1 at 2015-11-04 12:09:33 +0530
Processing by Rails::WelcomeController#index as HTML
  Rendered E:/RailsInstaller/Ruby2.1.0/lib/ruby/gems/2.1.0/gems/railties-4.2.5.rc1/lib/rails/templates/rails/welcome/index.html.erb (18.4ms)
Completed 200 OK in 131ms (Views: 87.4ms | ActiveRecord: 0.0ms)


Started GET "/pages/home" for ::1 at 2015-11-04 12:09:44 +0530

ActionController::RoutingError (No route matches [GET] "/pages/home"):
  actionpack (4.2.5.rc1) lib/action_dispatch/middleware/debug_exceptions.rb:21:in `call'
  web-console (2.2.1) lib/web_console/middleware.rb:39:in `call'
  actionpack (4.2.5.rc1) lib/action_dispatch/middleware/show_exceptions.rb:30:in `call'
  railties (4.2.5.rc1) lib/rails/rack/logger.rb:38:in `call_app'
  railties (4.2.5.rc1) lib/rails/rack/logger.rb:20:in `block in call'
  activesupport (4.2.5.rc1) lib/active_support/tagged_logging.rb:68:in `block in tagged'
  activesupport (4.2.5.rc1) lib/active_support/tagged_logging.rb:26:in `tagged'
  activesupport (4.2.5.rc1) lib/active_support/tagged_logging.rb:68:in `tagged'
  railties (4.2.5.rc1) lib/rails/rack/logger.rb:20:in `call'
  actionpack (4.2.5.rc1) lib/action_dispatch/middleware/request_id.rb:21:in `call'
  rack (1.6.4) lib/rack/methodoverride.rb:22:in `call'
  rack (1.6.4) lib/rack/runtime.rb:18:in `call'
  activesupport (4.2.5.rc1) lib/active_support/cache/strategy/local_cache_middleware.rb:28:in `call'
  rack (1.6.4) lib/rack/lock.rb:17:in `call'
  actionpack (4.2.5.rc1) lib/action_dispatch/middleware/static.rb:116:in `call'
  rack (1.6.4) lib/rack/sendfile.rb:113:in `call'
  railties (4.2.5.rc1) lib/rails/engine.rb:518:in `call'
  railties (4.2.5.rc1) lib/rails/application.rb:165:in `call'
  rack (1.6.4) lib/rack/lock.rb:17:in `call'
  rack (1.6.4) lib/rack/content_length.rb:15:in `call'
  rack (1.6.4) lib/rack/handler/webrick.rb:88:in `service'
  E:/RailsInstaller/Ruby2.1.0/lib/ruby/2.1.0/webrick/httpserver.rb:138:in `service'
  E:/RailsInstaller/Ruby2.1.0/lib/ruby/2.1.0/webrick/httpserver.rb:94:in `run'
  E:/RailsInstaller/Ruby2.1.0/lib/ruby/2.1.0/webrick/server.rb:295:in `block in start_thread'


  Rendered E:/RailsInstaller/Ruby2.1.0/lib/ruby/gems/2.1.0/gems/actionpack-4.2.5.rc1/lib/action_dispatch/middleware/templates/rescues/_trace.html.erb (2.0ms)
  Rendered E:/RailsInstaller/Ruby2.1.0/lib/ruby/gems/2.1.0/gems/actionpack-4.2.5.rc1/lib/action_dispatch/middleware/templates/routes/_table.html.erb (285.4ms)
  Rendered E:/RailsInstaller/Ruby2.1.0/lib/ruby/gems/2.1.0/gems/actionpack-4.2.5.rc1/lib/action_dispatch/middleware/templates/rescues/_request_and_response.html.erb (1.0ms)
  Rendered E:/RailsInstaller/Ruby2.1.0/lib/ruby/gems/2.1.0/gems/actionpack-4.2.5.rc1/lib/action_dispatch/middleware/templates/rescues/routing_error.html.erb within rescues/layout (534.4ms)
  Rendered E:/RailsInstaller/Ruby2.1.0/lib/ruby/gems/2.1.0/gems/web-console-2.2.1/lib/web_console/templates/_markup.html.erb (0.0ms)
  Rendered E:/RailsInstaller/Ruby2.1.0/lib/ruby/gems/2.1.0/gems/web-console-2.2.1/lib/web_console/templates/_inner_console_markup.html.erb within layouts/inlined_string (1.0ms)
  Rendered E:/RailsInstaller/Ruby2.1.0/lib/ruby/gems/2.1.0/gems/web-console-2.2.1/lib/web_console/templates/_prompt_box_markup.html.erb within layouts/inlined_string (1.0ms)
  Rendered E:/RailsInstaller/Ruby2.1.0/lib/ruby/gems/2.1.0/gems/web-console-2.2.1/lib/web_console/templates/style.css.erb within layouts/inlined_string (0.0ms)
  Rendered E:/RailsInstaller/Ruby2.1.0/lib/ruby/gems/2.1.0/gems/web-console-2.2.1/lib/web_console/templates/console.js.erb within layouts/javascript (27.6ms)
  Rendered E:/RailsInstaller/Ruby2.1.0/lib/ruby/gems/2.1.0/gems/web-console-2.2.1/lib/web_console/templates/main.js.erb within layouts/javascript (1.0ms)
  Rendered E:/RailsInstaller/Ruby2.1.0/lib/ruby/gems/2.1.0/gems/web-console-2.2.1/lib/web_console/templates/error_page.js.erb within layouts/javascript (1.0ms)
  Rendered E:/RailsInstaller/Ruby2.1.0/lib/ruby/gems/2.1.0/gems/web-console-2.2.1/lib/web_console/templates/index.html.erb (86.3ms)


Started GET "/pages/home" for ::1 at 2015-11-04 12:09:45 +0530

ActionController::RoutingError (No route matches [GET] "/pages/home"):
  actionpack (4.2.5.rc1) lib/action_dispatch/middleware/debug_exceptions.rb:21:in `call'
  web-console (2.2.1) lib/web_console/middleware.rb:39:in `call'
  actionpack (4.2.5.rc1) lib/action_dispatch/middleware/show_exceptions.rb:30:in `call'
  railties (4.2.5.rc1) lib/rails/rack/logger.rb:38:in `call_app'
  railties (4.2.5.rc1) lib/rails/rack/logger.rb:20:in `block in call'
  activesupport (4.2.5.rc1) lib/active_support/tagged_logging.rb:68:in `block in tagged'
  activesupport (4.2.5.rc1) lib/active_support/tagged_logging.rb:26:in `tagged'
  activesupport (4.2.5.rc1) lib/active_support/tagged_logging.rb:68:in `tagged'
  railties (4.2.5.rc1) lib/rails/rack/logger.rb:20:in `call'
  actionpack (4.2.5.rc1) lib/action_dispatch/middleware/request_id.rb:21:in `call'
  rack (1.6.4) lib/rack/methodoverride.rb:22:in `call'
  rack (1.6.4) lib/rack/runtime.rb:18:in `call'
  activesupport (4.2.5.rc1) lib/active_support/cache/strategy/local_cache_middleware.rb:28:in `call'
  rack (1.6.4) lib/rack/lock.rb:17:in `call'
  actionpack (4.2.5.rc1) lib/action_dispatch/middleware/static.rb:116:in `call'
  rack (1.6.4) lib/rack/sendfile.rb:113:in `call'
  railties (4.2.5.rc1) lib/rails/engine.rb:518:in `call'
  railties (4.2.5.rc1) lib/rails/application.rb:165:in `call'
  rack (1.6.4) lib/rack/lock.rb:17:in `call'
  rack (1.6.4) lib/rack/content_length.rb:15:in `call'
  rack (1.6.4) lib/rack/handler/webrick.rb:88:in `service'
  E:/RailsInstaller/Ruby2.1.0/lib/ruby/2.1.0/webrick/httpserver.rb:138:in `service'
  E:/RailsInstaller/Ruby2.1.0/lib/ruby/2.1.0/webrick/httpserver.rb:94:in `run'
  E:/RailsInstaller/Ruby2.1.0/lib/ruby/2.1.0/webrick/server.rb:295:in `block in start_thread'


  Rendered E:/RailsInstaller/Ruby2.1.0/lib/ruby/gems/2.1.0/gems/actionpack-4.2.5.rc1/lib/action_dispatch/middleware/templates/rescues/_trace.html.erb (2.0ms)
  Rendered E:/RailsInstaller/Ruby2.1.0/lib/ruby/gems/2.1.0/gems/actionpack-4.2.5.rc1/lib/action_dispatch/middleware/templates/routes/_table.html.erb (1.0ms)
  Rendered E:/RailsInstaller/Ruby2.1.0/lib/ruby/gems/2.1.0/gems/actionpack-4.2.5.rc1/lib/action_dispatch/middleware/templates/rescues/_request_and_response.html.erb (1.0ms)
  Rendered E:/RailsInstaller/Ruby2.1.0/lib/ruby/gems/2.1.0/gems/actionpack-4.2.5.rc1/lib/action_dispatch/middleware/templates/rescues/routing_error.html.erb within rescues/layout (27.0ms)
  Rendered E:/RailsInstaller/Ruby2.1.0/lib/ruby/gems/2.1.0/gems/web-console-2.2.1/lib/web_console/templates/_markup.html.erb (0.0ms)
  Rendered E:/RailsInstaller/Ruby2.1.0/lib/ruby/gems/2.1.0/gems/web-console-2.2.1/lib/web_console/templates/_inner_console_markup.html.erb within layouts/inlined_string (0.0ms)
  Rendered E:/RailsInstaller/Ruby2.1.0/lib/ruby/gems/2.1.0/gems/web-console-2.2.1/lib/web_console/templates/_prompt_box_markup.html.erb within layouts/inlined_string (1.0ms)
  Rendered E:/RailsInstaller/Ruby2.1.0/lib/ruby/gems/2.1.0/gems/web-console-2.2.1/lib/web_console/templates/style.css.erb within layouts/inlined_string (1.0ms)
  Rendered E:/RailsInstaller/Ruby2.1.0/lib/ruby/gems/2.1.0/gems/web-console-2.2.1/lib/web_console/templates/console.js.erb within layouts/javascript (26.9ms)
  Rendered E:/RailsInstaller/Ruby2.1.0/lib/ruby/gems/2.1.0/gems/web-console-2.2.1/lib/web_console/templates/main.js.erb within layouts/javascript (1.0ms)
  Rendered E:/RailsInstaller/Ruby2.1.0/lib/ruby/gems/2.1.0/gems/web-console-2.2.1/lib/web_console/templates/error_page.js.erb within layouts/javascript (1.0ms)
  Rendered E:/RailsInstaller/Ruby2.1.0/lib/ruby/gems/2.1.0/gems/web-console-2.2.1/lib/web_console/templates/index.html.erb (67.2ms)


Started GET "/rails/info/properties" for ::1 at 2015-11-04 12:10:18 +0530
Processing by Rails::InfoController#properties as */*
  Rendered E:/RailsInstaller/Ruby2.1.0/lib/ruby/gems/2.1.0/gems/railties-4.2.5.rc1/lib/rails/templates/rails/info/properties.html.erb (1.0ms)
Completed 200 OK in 276ms (Views: 35.8ms | ActiveRecord: 53.0ms)


Started GET "/" for ::1 at 2015-11-04 12:11:25 +0530
Processing by Rails::WelcomeController#index as HTML
  Rendered E:/RailsInstaller/Ruby2.1.0/lib/ruby/gems/2.1.0/gems/railties-4.2.5.rc1/lib/rails/templates/rails/welcome/index.html.erb (0.0ms)
Completed 200 OK in 6ms (Views: 6.0ms | ActiveRecord: 0.0ms)


Started GET "/" for ::1 at 2015-11-04 12:50:02 +0530
Processing by Rails::WelcomeController#index as HTML
  Rendered E:/RailsInstaller/Ruby2.1.0/lib/ruby/gems/2.1.0/gems/railties-4.2.5.rc1/lib/rails/templates/rails/welcome/index.html.erb (0.0ms)
Completed 200 OK in 1ms (Views: 1.0ms | ActiveRecord: 0.0ms)


Started GET "/" for ::1 at 2015-11-04 15:31:25 +0530
Processing by Rails::WelcomeController#index as HTML
  Rendered E:/RailsInstaller/Ruby2.1.0/lib/ruby/gems/2.1.0/gems/railties-4.2.5.rc1/lib/rails/templates/rails/welcome/index.html.erb (0.0ms)
Completed 200 OK in 70ms (Views: 68.8ms | ActiveRecord: 0.0ms)


Started GET "/" for ::1 at 2015-11-04 18:23:29 +0530
Processing by Rails::WelcomeController#index as HTML
  Rendered E:/RailsInstaller/Ruby2.1.0/lib/ruby/gems/2.1.0/gems/railties-4.2.5.rc1/lib/rails/templates/rails/welcome/index.html.erb (20.1ms)
Completed 200 OK in 232ms (Views: 169.7ms | ActiveRecord: 0.0ms)


Started GET "/" for ::1 at 2015-11-05 13:10:26 +0530
Processing by Rails::WelcomeController#index as HTML
  Rendered E:/RailsInstaller/Ruby2.1.0/lib/ruby/gems/2.1.0/gems/railties-4.2.5.rc1/lib/rails/templates/rails/welcome/index.html.erb (20.0ms)
Completed 200 OK in 175ms (Views: 134.1ms | ActiveRecord: 0.0ms)


Started GET "/" for ::1 at 2015-11-05 13:35:54 +0530
Processing by Rails::WelcomeController#index as HTML
  Rendered E:/RailsInstaller/Ruby2.1.0/lib/ruby/gems/2.1.0/gems/railties-4.2.5.rc1/lib/rails/templates/rails/welcome/index.html.erb (0.0ms)
Completed 200 OK in 3ms (Views: 3.0ms | ActiveRecord: 0.0ms)
